<?xml version="1.0" encoding="UTF-8"?>
<!-- Generated by org.testng.reporters.JUnitXMLReporter -->
<testsuite hostname="DESKTOP-IGMOA06" ignored="0" name="Test12" tests="1" failures="1" timestamp="2020-07-09T15:10:16 IST" time="0.027" errors="0">
  <testcase name="testSteps" time="0.009" classname="TestCases.EditLandlineExpense">
    <failure type="org.testng.internal.reflect.MethodMatcherException" message="
[public void TestCases.EditLandlineExpense.testSteps(java.lang.String,java.lang.String,java.lang.String,java.lang.String,java.lang.String,java.lang.String,java.lang.String,java.lang.String,java.lang.String,java.lang.String,java.lang.String) throws java.lang.InterruptedException] has no parameters defined but was found to be using a data provider (either explicitly specified or inherited from class level annotation).
Data provider mismatch
Method: testSteps([Parameter{index=0, type=java.lang.String, declaredAnnotations=[]}, Parameter{index=1, type=java.lang.String, declaredAnnotations=[]}, Parameter{index=2, type=java.lang.String, declaredAnnotations=[]}, Parameter{index=3, type=java.lang.String, declaredAnnotations=[]}, Parameter{index=4, type=java.lang.String, declaredAnnotations=[]}, Parameter{index=5, type=java.lang.String, declaredAnnotations=[]}, Parameter{index=6, type=java.lang.String, declaredAnnotations=[]}, Parameter{index=7, type=java.lang.String, declaredAnnotations=[]}, Parameter{index=8, type=java.lang.String, declaredAnnotations=[]}, Parameter{index=9, type=java.lang.String, declaredAnnotations=[]}, Parameter{index=10, type=java.lang.String, declaredAnnotations=[]}])
Arguments: [(java.lang.String) 2061,(java.lang.String) Zento123,(java.lang.String) Thursday, January 03, 2019,(java.lang.String) 350,(java.lang.String) Allstate - Zento,(java.lang.String) test,(java.lang.String) lechler,(java.lang.String) 123569478528963,(java.lang.String) 2,(java.lang.String) 3,(java.lang.String) 15,(java.lang.String) 7506217418]">
      <![CDATA[org.testng.internal.reflect.MethodMatcherException: 
[public void TestCases.EditLandlineExpense.testSteps(java.lang.String,java.lang.String,java.lang.String,java.lang.String,java.lang.String,java.lang.String,java.lang.String,java.lang.String,java.lang.String,java.lang.String,java.lang.String) throws java.lang.InterruptedException] has no parameters defined but was found to be using a data provider (either explicitly specified or inherited from class level annotation).
Data provider mismatch
Method: testSteps([Parameter{index=0, type=java.lang.String, declaredAnnotations=[]}, Parameter{index=1, type=java.lang.String, declaredAnnotations=[]}, Parameter{index=2, type=java.lang.String, declaredAnnotations=[]}, Parameter{index=3, type=java.lang.String, declaredAnnotations=[]}, Parameter{index=4, type=java.lang.String, declaredAnnotations=[]}, Parameter{index=5, type=java.lang.String, declaredAnnotations=[]}, Parameter{index=6, type=java.lang.String, declaredAnnotations=[]}, Parameter{index=7, type=java.lang.String, declaredAnnotations=[]}, Parameter{index=8, type=java.lang.String, declaredAnnotations=[]}, Parameter{index=9, type=java.lang.String, declaredAnnotations=[]}, Parameter{index=10, type=java.lang.String, declaredAnnotations=[]}])
Arguments: [(java.lang.String) 2061,(java.lang.String) Zento123,(java.lang.String) Thursday, January 03, 2019,(java.lang.String) 350,(java.lang.String) Allstate - Zento,(java.lang.String) test,(java.lang.String) lechler,(java.lang.String) 123569478528963,(java.lang.String) 2,(java.lang.String) 3,(java.lang.String) 15,(java.lang.String) 7506217418]
at java.util.ArrayList.forEach(Unknown Source)
... Removed 22 stack frames]]>
    </failure>
  </testcase> <!-- testSteps -->
</testsuite> <!-- Test12 -->
