<?xml version="1.0" encoding="UTF-8"?>
<!-- Generated by org.testng.reporters.JUnitXMLReporter -->
<testsuite hostname="DESKTOP-IGMOA06" ignored="0" name="Test19" tests="2" failures="0" timestamp="2020-07-09T15:08:51 IST" time="0.023" errors="0">
  <testcase name="testSteps" time="0.0" classname="TestCases.SubmitLandlineExpense">
    <skipped/>
  </testcase> <!-- testSteps -->
  <testcase name="testSteps" time="0.001" classname="TestCases.SubmitLandlineExpense">
    <skipped/>
  </testcase> <!-- testSteps -->
</testsuite> <!-- Test19 -->
