<?xml version="1.0" encoding="UTF-8"?>
<!-- Generated by org.testng.reporters.JUnitXMLReporter -->
<testsuite hostname="DESKTOP-IGMOA06" ignored="0" name="Test18" tests="2" failures="0" timestamp="2020-07-09T15:10:17 IST" time="0.034" errors="0">
  <testcase name="testSteps" time="0.0" classname="TestCases.SubmitLocalExpense">
    <skipped/>
  </testcase> <!-- testSteps -->
  <testcase name="testSteps" time="0.0" classname="TestCases.SubmitLocalExpense">
    <skipped/>
  </testcase> <!-- testSteps -->
</testsuite> <!-- Test18 -->
