<?xml version="1.0" encoding="UTF-8"?>
<!-- Generated by org.testng.reporters.JUnitXMLReporter -->
<testsuite hostname="DESKTOP-IGMOA06" ignored="0" name="Test5" tests="2" failures="0" timestamp="2020-07-09T15:10:14 IST" time="0.059" errors="0">
  <testcase name="testSteps" time="0.0" classname="TestCases.DraftLandlineExpense">
    <skipped/>
  </testcase> <!-- testSteps -->
  <testcase name="testSteps" time="0.0" classname="TestCases.DraftLandlineExpense">
    <skipped/>
  </testcase> <!-- testSteps -->
</testsuite> <!-- Test5 -->
