<?xml version="1.0" encoding="UTF-8"?>
<!-- Generated by org.testng.reporters.JUnitXMLReporter -->
<testsuite hostname="DESKTOP-IGMOA06" ignored="0" name="Test10" tests="2" failures="0" timestamp="2020-07-09T15:10:16 IST" time="0.092" errors="0">
  <testcase name="testSteps" time="0.0" classname="TestCases.EditMobileClaim">
    <skipped/>
  </testcase> <!-- testSteps -->
  <testcase name="testSteps" time="0.0" classname="TestCases.EditMobileClaim">
    <skipped/>
  </testcase> <!-- testSteps -->
</testsuite> <!-- Test10 -->
