<?xml version="1.0" encoding="UTF-8"?>
<!-- Generated by org.testng.reporters.JUnitXMLReporter -->
<testsuite hostname="DESKTOP-IGMOA06" ignored="0" name="Test35" tests="2" failures="0" timestamp="2020-07-09T15:08:53 IST" time="0.013" errors="0">
  <testcase name="@BeforeTest ulsetup" time="-1.59428753343E9" classname="Browsers.Urls">
    <failure type="org.testng.TestNGException" message="
Parameter &amp;apos;Siteurl&amp;apos; is required by BeforeTest on method ulsetup but has not been marked @Optional or defined
in D:\Paresh\zento\testng2.xml">
      <![CDATA[org.testng.TestNGException: 
Parameter 'Siteurl' is required by BeforeTest on method ulsetup but has not been marked @Optional or defined
in D:\Paresh\zento\testng2.xml
... Removed 21 stack frames]]>
    </failure>
  </testcase> <!-- @BeforeTest ulsetup -->
  <testcase name="@BeforeMethod steps" time="-1.594287533439E9" classname="TestCases.DeleteTravelExpense">
    <skipped/>
  </testcase> <!-- @BeforeMethod steps -->
  <testcase name="@AfterMethod closebrowser" time="-1.594287533441E9" classname="TestCases.DeleteTravelExpense">
    <skipped/>
  </testcase> <!-- @AfterMethod closebrowser -->
  <testcase name="@BeforeMethod steps" time="-1.594287533441E9" classname="TestCases.DeleteTravelExpense">
    <skipped/>
  </testcase> <!-- @BeforeMethod steps -->
  <testcase name="@AfterMethod closebrowser" time="-1.594287533442E9" classname="TestCases.DeleteTravelExpense">
    <skipped/>
  </testcase> <!-- @AfterMethod closebrowser -->
  <testcase name="@AfterTest close" time="-1.594287533442E9" classname="TestCases.DeleteTravelExpense">
    <skipped/>
  </testcase> <!-- @AfterTest close -->
  <testcase name="testSteps" time="0.0" classname="TestCases.DeleteTravelExpense">
    <skipped/>
  </testcase> <!-- testSteps -->
  <testcase name="testSteps" time="0.001" classname="TestCases.DeleteTravelExpense">
    <skipped/>
  </testcase> <!-- testSteps -->
</testsuite> <!-- Test35 -->
