<?xml version="1.0" encoding="UTF-8"?>
<!-- Generated by org.testng.reporters.JUnitXMLReporter -->
<testsuite hostname="user-2" ignored="0" name="Test22(failed)" tests="1" failures="1" timestamp="10 Feb 2020 05:26:19 GMT" time="0.339" errors="0">
  <testcase name="testSteps" time="0.304" classname="TestCases.ReopenRedchilliesTravelclaim">
    <failure type="org.testng.internal.reflect.MethodMatcherException" message="
Data provider mismatch
Method: testSteps([Parameter{index=0, type=java.lang.String, declaredAnnotations=[]}, Parameter{index=1, type=java.lang.String, declaredAnnotations=[]}, Parameter{index=2, type=java.lang.String, declaredAnnotations=[]}, Parameter{index=3, type=java.lang.String, declaredAnnotations=[]}, Parameter{index=4, type=java.lang.String, declaredAnnotations=[]}])
Arguments: [(java.lang.String) 10,(java.lang.String) Zento123,(java.lang.String) 2061,(java.lang.String) Zento123,(java.lang.String) redchillies,(java.lang.String) 11,(java.lang.String) 07:00 AM,(java.lang.String) 1:00:00 AM]">
      <![CDATA[org.testng.internal.reflect.MethodMatcherException: 
Data provider mismatch
Method: testSteps([Parameter{index=0, type=java.lang.String, declaredAnnotations=[]}, Parameter{index=1, type=java.lang.String, declaredAnnotations=[]}, Parameter{index=2, type=java.lang.String, declaredAnnotations=[]}, Parameter{index=3, type=java.lang.String, declaredAnnotations=[]}, Parameter{index=4, type=java.lang.String, declaredAnnotations=[]}])
Arguments: [(java.lang.String) 10,(java.lang.String) Zento123,(java.lang.String) 2061,(java.lang.String) Zento123,(java.lang.String) redchillies,(java.lang.String) 11,(java.lang.String) 07:00 AM,(java.lang.String) 1:00:00 AM]
... Removed 20 stack frames]]>
    </failure>
  </testcase> <!-- testSteps -->
</testsuite> <!-- Test22(failed) -->
